c:\users\anderson\desktop\dragon ball online\ntlprivateserver\servers\ntlnetwork\debug\ntlnetwork.pch
c:\users\anderson\desktop\dragon ball online\ntlprivateserver\servers\ntlnetwork\debug\vc120.pdb
c:\users\anderson\desktop\dragon ball online\ntlprivateserver\servers\ntlnetwork\debug\vc120.idb
c:\users\anderson\desktop\dragon ball online\ntlprivateserver\servers\ntlnetwork\debug\stdafx.obj
c:\users\anderson\desktop\dragon ball online\ntlprivateserver\servers\ntlnetwork\debug\dbo_random.obj
c:\users\anderson\desktop\dragon ball online\ntlprivateserver\servers\ntlnetwork\debug\ntlpacket.obj
c:\users\anderson\desktop\dragon ball online\ntlprivateserver\servers\ntlnetwork\debug\ntlpacketencoder.obj
c:\users\anderson\desktop\dragon ball online\ntlprivateserver\servers\ntlnetwork\debug\ntlpacketencoder_randkey.obj
c:\users\anderson\desktop\dragon ball online\ntlprivateserver\servers\ntlnetwork\debug\ntlpacketencoder_tw.obj
c:\users\anderson\desktop\dragon ball online\ntlprivateserver\servers\ntlnetwork\debug\ntlpacketencoder_xor.obj
c:\users\anderson\desktop\dragon ball online\ntlprivateserver\servers\ntlnetwork\debug\ntlacceptor.obj
c:\users\anderson\desktop\dragon ball online\ntlprivateserver\servers\ntlnetwork\debug\ntlconnection.obj
c:\users\anderson\desktop\dragon ball online\ntlprivateserver\servers\ntlnetwork\debug\ntlconnector.obj
c:\users\anderson\desktop\dragon ball online\ntlprivateserver\servers\ntlnetwork\debug\ntliocp.obj
c:\users\anderson\desktop\dragon ball online\ntlprivateserver\servers\ntlnetwork\debug\ntlnetwork.obj
c:\users\anderson\desktop\dragon ball online\ntlprivateserver\servers\ntlnetwork\debug\ntlnetworkprocessor.obj
c:\users\anderson\desktop\dragon ball online\ntlprivateserver\servers\ntlnetwork\debug\ntlsocket.obj
c:\users\anderson\desktop\dragon ball online\ntlprivateserver\servers\ntlnetwork\debug\ntlsession.obj
c:\users\anderson\desktop\dragon ball online\ntlprivateserver\servers\ntlnetwork\debug\ntlsessionlist.obj
c:\users\anderson\desktop\dragon ball online\ntlprivateserver\servers\ntlnetwork\debug\botsystemlog_server.obj
c:\users\anderson\desktop\dragon ball online\ntlprivateserver\debug\lib\ntlnetwork.lib
c:\users\anderson\desktop\dragon ball online\ntlprivateserver\servers\ntlnetwork\debug\ntlnetwork.tlog\cl.command.1.tlog
c:\users\anderson\desktop\dragon ball online\ntlprivateserver\servers\ntlnetwork\debug\ntlnetwork.tlog\cl.read.1.tlog
c:\users\anderson\desktop\dragon ball online\ntlprivateserver\servers\ntlnetwork\debug\ntlnetwork.tlog\cl.write.1.tlog
c:\users\anderson\desktop\dragon ball online\ntlprivateserver\servers\ntlnetwork\debug\ntlnetwork.tlog\lib-link.read.1.tlog
c:\users\anderson\desktop\dragon ball online\ntlprivateserver\servers\ntlnetwork\debug\ntlnetwork.tlog\lib-link.write.1.tlog
c:\users\anderson\desktop\dragon ball online\ntlprivateserver\servers\ntlnetwork\debug\ntlnetwork.tlog\lib.command.1.tlog
