Compilación iniciada a las 01/03/2017 0:39:02.
     1>Proyecto "C:\Users\Anderson\Desktop\Dragon Ball Online\NtlPrivateServer\Servers\NtlNetwork\NtlNetwork.vcxproj" en el nodo 3 (Rebuild destinos).
     1>C:\Program Files (x86)\MSBuild\Microsoft.Cpp\v4.0\V120\Microsoft.CppBuild.targets(357,5): warning MSB8004: Output Directory does not end with a trailing slash.  This build instance will add the slash as it is required to allow proper evaluation of the Output Directory.
     1>ClCompile:
         C:\Program Files (x86)\Microsoft Visual Studio 12.0\VC\bin\CL.exe /c /I..\NtlUtil /I..\NtlSystem /I..\NtlThread /I..\Core /ZI /nologo /W4 /WX- /Od /Oy- /D WIN32 /D _DEBUG /D _LIB /D _DEVEL /D _MBCS /Gm /EHsc /RTC1 /MTd /GS /fp:precise /Zc:wchar_t /Zc:forScope /Yc"stdafx.h" /Fp"Debug\NtlNetwork.pch" /Fo"Debug\\" /Fd"Debug\vc120.pdb" /Gd /TP /analyze- /errorReport:prompt stdafx.cpp
         stdafx.cpp
         C:\Program Files (x86)\Microsoft Visual Studio 12.0\VC\bin\CL.exe /c /I..\NtlUtil /I..\NtlSystem /I..\NtlThread /I..\Core /ZI /nologo /W4 /WX- /Od /Oy- /D WIN32 /D _DEBUG /D _LIB /D _DEVEL /D _MBCS /Gm /EHsc /RTC1 /MTd /GS /fp:precise /Zc:wchar_t /Zc:forScope /Yu"stdafx.h" /Fp"Debug\NtlNetwork.pch" /Fo"Debug\\" /Fd"Debug\vc120.pdb" /Gd /TP /analyze- /errorReport:prompt dbo_random.cpp NtlPacket.cpp NtlPacketEncoder.cpp NtlPacketEncoder_RandKey.cpp NtlPacketEncoder_TW.cpp NtlPacketEncoder_XOR.cpp NtlAcceptor.cpp NtlConnection.cpp NtlConnector.cpp NtlIOCP.cpp NtlNetwork.cpp NtlNetworkProcessor.cpp NtlSocket.cpp NtlSession.cpp NtlSessionList.cpp BotSystemLog_Server.cpp
         BotSystemLog_Server.cpp
         NtlSessionList.cpp
     1>c:\users\anderson\desktop\dragon ball online\ntlprivateserver\servers\ntlnetwork\ntlsockaddr.h(43): warning C4996: 'gethostbyname': Use getaddrinfo() or GetAddrInfoW() instead or define _WINSOCK_DEPRECATED_NO_WARNINGS to disable deprecated API warnings
                 c:\program files (x86)\windows kits\8.1\include\um\winsock2.h(2238) : vea la declaración de 'gethostbyname'
     1>c:\users\anderson\desktop\dragon ball online\ntlprivateserver\servers\ntlnetwork\ntlsockaddr.h(46): warning C4996: 'inet_addr': Use inet_pton() or InetPton() instead or define _WINSOCK_DEPRECATED_NO_WARNINGS to disable deprecated API warnings
                 c:\program files (x86)\windows kits\8.1\include\um\winsock2.h(1850) : vea la declaración de 'inet_addr'
     1>c:\users\anderson\desktop\dragon ball online\ntlprivateserver\servers\ntlnetwork\ntlsockaddr.h(81): warning C4996: 'inet_addr': Use inet_pton() or InetPton() instead or define _WINSOCK_DEPRECATED_NO_WARNINGS to disable deprecated API warnings
                 c:\program files (x86)\windows kits\8.1\include\um\winsock2.h(1850) : vea la declaración de 'inet_addr'
     1>c:\users\anderson\desktop\dragon ball online\ntlprivateserver\servers\ntlnetwork\ntlsockaddr.h(138): warning C4996: 'inet_ntoa': Use inet_ntop() or InetNtop() instead or define _WINSOCK_DEPRECATED_NO_WARNINGS to disable deprecated API warnings
                 c:\program files (x86)\windows kits\8.1\include\um\winsock2.h(1868) : vea la declaración de 'inet_ntoa'
         NtlSession.cpp
     1>c:\users\anderson\desktop\dragon ball online\ntlprivateserver\servers\ntlnetwork\ntlsockaddr.h(43): warning C4996: 'gethostbyname': Use getaddrinfo() or GetAddrInfoW() instead or define _WINSOCK_DEPRECATED_NO_WARNINGS to disable deprecated API warnings
                 c:\program files (x86)\windows kits\8.1\include\um\winsock2.h(2238) : vea la declaración de 'gethostbyname'
     1>c:\users\anderson\desktop\dragon ball online\ntlprivateserver\servers\ntlnetwork\ntlsockaddr.h(46): warning C4996: 'inet_addr': Use inet_pton() or InetPton() instead or define _WINSOCK_DEPRECATED_NO_WARNINGS to disable deprecated API warnings
                 c:\program files (x86)\windows kits\8.1\include\um\winsock2.h(1850) : vea la declaración de 'inet_addr'
     1>c:\users\anderson\desktop\dragon ball online\ntlprivateserver\servers\ntlnetwork\ntlsockaddr.h(81): warning C4996: 'inet_addr': Use inet_pton() or InetPton() instead or define _WINSOCK_DEPRECATED_NO_WARNINGS to disable deprecated API warnings
                 c:\program files (x86)\windows kits\8.1\include\um\winsock2.h(1850) : vea la declaración de 'inet_addr'
     1>c:\users\anderson\desktop\dragon ball online\ntlprivateserver\servers\ntlnetwork\ntlsockaddr.h(138): warning C4996: 'inet_ntoa': Use inet_ntop() or InetNtop() instead or define _WINSOCK_DEPRECATED_NO_WARNINGS to disable deprecated API warnings
                 c:\program files (x86)\windows kits\8.1\include\um\winsock2.h(1868) : vea la declaración de 'inet_ntoa'
         NtlSocket.cpp
     1>c:\users\anderson\desktop\dragon ball online\ntlprivateserver\servers\ntlnetwork\ntlsockaddr.h(43): warning C4996: 'gethostbyname': Use getaddrinfo() or GetAddrInfoW() instead or define _WINSOCK_DEPRECATED_NO_WARNINGS to disable deprecated API warnings
                 c:\program files (x86)\windows kits\8.1\include\um\winsock2.h(2238) : vea la declaración de 'gethostbyname'
     1>c:\users\anderson\desktop\dragon ball online\ntlprivateserver\servers\ntlnetwork\ntlsockaddr.h(46): warning C4996: 'inet_addr': Use inet_pton() or InetPton() instead or define _WINSOCK_DEPRECATED_NO_WARNINGS to disable deprecated API warnings
                 c:\program files (x86)\windows kits\8.1\include\um\winsock2.h(1850) : vea la declaración de 'inet_addr'
     1>c:\users\anderson\desktop\dragon ball online\ntlprivateserver\servers\ntlnetwork\ntlsockaddr.h(81): warning C4996: 'inet_addr': Use inet_pton() or InetPton() instead or define _WINSOCK_DEPRECATED_NO_WARNINGS to disable deprecated API warnings
                 c:\program files (x86)\windows kits\8.1\include\um\winsock2.h(1850) : vea la declaración de 'inet_addr'
     1>c:\users\anderson\desktop\dragon ball online\ntlprivateserver\servers\ntlnetwork\ntlsockaddr.h(138): warning C4996: 'inet_ntoa': Use inet_ntop() or InetNtop() instead or define _WINSOCK_DEPRECATED_NO_WARNINGS to disable deprecated API warnings
                 c:\program files (x86)\windows kits\8.1\include\um\winsock2.h(1868) : vea la declaración de 'inet_ntoa'
     1>c:\users\anderson\desktop\dragon ball online\ntlprivateserver\servers\ntlnetwork\ntlsocket.cpp(174): warning C4996: 'WSASocketA': Use WSASocketW() instead or define _WINSOCK_DEPRECATED_NO_WARNINGS to disable deprecated API warnings
                 c:\program files (x86)\windows kits\8.1\include\um\winsock2.h(3457) : vea la declaración de 'WSASocketA'
     1>c:\users\anderson\desktop\dragon ball online\ntlprivateserver\servers\ntlnetwork\ntlsocket.cpp(266): warning C4996: 'inet_ntoa': Use inet_ntop() or InetNtop() instead or define _WINSOCK_DEPRECATED_NO_WARNINGS to disable deprecated API warnings
                 c:\program files (x86)\windows kits\8.1\include\um\winsock2.h(1868) : vea la declaración de 'inet_ntoa'
     1>c:\users\anderson\desktop\dragon ball online\ntlprivateserver\servers\ntlnetwork\ntlsocket.cpp(287): warning C4996: 'inet_ntoa': Use inet_ntop() or InetNtop() instead or define _WINSOCK_DEPRECATED_NO_WARNINGS to disable deprecated API warnings
                 c:\program files (x86)\windows kits\8.1\include\um\winsock2.h(1868) : vea la declaración de 'inet_ntoa'
     1>c:\users\anderson\desktop\dragon ball online\ntlprivateserver\servers\ntlnetwork\ntlsocket.cpp(308): warning C4996: 'inet_ntoa': Use inet_ntop() or InetNtop() instead or define _WINSOCK_DEPRECATED_NO_WARNINGS to disable deprecated API warnings
                 c:\program files (x86)\windows kits\8.1\include\um\winsock2.h(1868) : vea la declaración de 'inet_ntoa'
     1>c:\users\anderson\desktop\dragon ball online\ntlprivateserver\servers\ntlnetwork\ntlsocket.cpp(328): warning C4996: 'inet_ntoa': Use inet_ntop() or InetNtop() instead or define _WINSOCK_DEPRECATED_NO_WARNINGS to disable deprecated API warnings
                 c:\program files (x86)\windows kits\8.1\include\um\winsock2.h(1868) : vea la declaración de 'inet_ntoa'
         NtlNetworkProcessor.cpp
     1>c:\users\anderson\desktop\dragon ball online\ntlprivateserver\servers\ntlnetwork\ntlsockaddr.h(43): warning C4996: 'gethostbyname': Use getaddrinfo() or GetAddrInfoW() instead or define _WINSOCK_DEPRECATED_NO_WARNINGS to disable deprecated API warnings
                 c:\program files (x86)\windows kits\8.1\include\um\winsock2.h(2238) : vea la declaración de 'gethostbyname'
     1>c:\users\anderson\desktop\dragon ball online\ntlprivateserver\servers\ntlnetwork\ntlsockaddr.h(46): warning C4996: 'inet_addr': Use inet_pton() or InetPton() instead or define _WINSOCK_DEPRECATED_NO_WARNINGS to disable deprecated API warnings
                 c:\program files (x86)\windows kits\8.1\include\um\winsock2.h(1850) : vea la declaración de 'inet_addr'
     1>c:\users\anderson\desktop\dragon ball online\ntlprivateserver\servers\ntlnetwork\ntlsockaddr.h(81): warning C4996: 'inet_addr': Use inet_pton() or InetPton() instead or define _WINSOCK_DEPRECATED_NO_WARNINGS to disable deprecated API warnings
                 c:\program files (x86)\windows kits\8.1\include\um\winsock2.h(1850) : vea la declaración de 'inet_addr'
     1>c:\users\anderson\desktop\dragon ball online\ntlprivateserver\servers\ntlnetwork\ntlsockaddr.h(138): warning C4996: 'inet_ntoa': Use inet_ntop() or InetNtop() instead or define _WINSOCK_DEPRECATED_NO_WARNINGS to disable deprecated API warnings
                 c:\program files (x86)\windows kits\8.1\include\um\winsock2.h(1868) : vea la declaración de 'inet_ntoa'
         NtlNetwork.cpp
     1>c:\users\anderson\desktop\dragon ball online\ntlprivateserver\servers\ntlnetwork\ntlsockaddr.h(43): warning C4996: 'gethostbyname': Use getaddrinfo() or GetAddrInfoW() instead or define _WINSOCK_DEPRECATED_NO_WARNINGS to disable deprecated API warnings
                 c:\program files (x86)\windows kits\8.1\include\um\winsock2.h(2238) : vea la declaración de 'gethostbyname'
     1>c:\users\anderson\desktop\dragon ball online\ntlprivateserver\servers\ntlnetwork\ntlsockaddr.h(46): warning C4996: 'inet_addr': Use inet_pton() or InetPton() instead or define _WINSOCK_DEPRECATED_NO_WARNINGS to disable deprecated API warnings
                 c:\program files (x86)\windows kits\8.1\include\um\winsock2.h(1850) : vea la declaración de 'inet_addr'
     1>c:\users\anderson\desktop\dragon ball online\ntlprivateserver\servers\ntlnetwork\ntlsockaddr.h(81): warning C4996: 'inet_addr': Use inet_pton() or InetPton() instead or define _WINSOCK_DEPRECATED_NO_WARNINGS to disable deprecated API warnings
                 c:\program files (x86)\windows kits\8.1\include\um\winsock2.h(1850) : vea la declaración de 'inet_addr'
     1>c:\users\anderson\desktop\dragon ball online\ntlprivateserver\servers\ntlnetwork\ntlsockaddr.h(138): warning C4996: 'inet_ntoa': Use inet_ntop() or InetNtop() instead or define _WINSOCK_DEPRECATED_NO_WARNINGS to disable deprecated API warnings
                 c:\program files (x86)\windows kits\8.1\include\um\winsock2.h(1868) : vea la declaración de 'inet_ntoa'
         NtlIOCP.cpp
     1>c:\users\anderson\desktop\dragon ball online\ntlprivateserver\servers\ntlnetwork\ntlsockaddr.h(43): warning C4996: 'gethostbyname': Use getaddrinfo() or GetAddrInfoW() instead or define _WINSOCK_DEPRECATED_NO_WARNINGS to disable deprecated API warnings
                 c:\program files (x86)\windows kits\8.1\include\um\winsock2.h(2238) : vea la declaración de 'gethostbyname'
     1>c:\users\anderson\desktop\dragon ball online\ntlprivateserver\servers\ntlnetwork\ntlsockaddr.h(46): warning C4996: 'inet_addr': Use inet_pton() or InetPton() instead or define _WINSOCK_DEPRECATED_NO_WARNINGS to disable deprecated API warnings
                 c:\program files (x86)\windows kits\8.1\include\um\winsock2.h(1850) : vea la declaración de 'inet_addr'
     1>c:\users\anderson\desktop\dragon ball online\ntlprivateserver\servers\ntlnetwork\ntlsockaddr.h(81): warning C4996: 'inet_addr': Use inet_pton() or InetPton() instead or define _WINSOCK_DEPRECATED_NO_WARNINGS to disable deprecated API warnings
                 c:\program files (x86)\windows kits\8.1\include\um\winsock2.h(1850) : vea la declaración de 'inet_addr'
     1>c:\users\anderson\desktop\dragon ball online\ntlprivateserver\servers\ntlnetwork\ntlsockaddr.h(138): warning C4996: 'inet_ntoa': Use inet_ntop() or InetNtop() instead or define _WINSOCK_DEPRECATED_NO_WARNINGS to disable deprecated API warnings
                 c:\program files (x86)\windows kits\8.1\include\um\winsock2.h(1868) : vea la declaración de 'inet_ntoa'
         NtlConnector.cpp
     1>c:\users\anderson\desktop\dragon ball online\ntlprivateserver\servers\ntlnetwork\ntlsockaddr.h(43): warning C4996: 'gethostbyname': Use getaddrinfo() or GetAddrInfoW() instead or define _WINSOCK_DEPRECATED_NO_WARNINGS to disable deprecated API warnings
                 c:\program files (x86)\windows kits\8.1\include\um\winsock2.h(2238) : vea la declaración de 'gethostbyname'
     1>c:\users\anderson\desktop\dragon ball online\ntlprivateserver\servers\ntlnetwork\ntlsockaddr.h(46): warning C4996: 'inet_addr': Use inet_pton() or InetPton() instead or define _WINSOCK_DEPRECATED_NO_WARNINGS to disable deprecated API warnings
                 c:\program files (x86)\windows kits\8.1\include\um\winsock2.h(1850) : vea la declaración de 'inet_addr'
     1>c:\users\anderson\desktop\dragon ball online\ntlprivateserver\servers\ntlnetwork\ntlsockaddr.h(81): warning C4996: 'inet_addr': Use inet_pton() or InetPton() instead or define _WINSOCK_DEPRECATED_NO_WARNINGS to disable deprecated API warnings
                 c:\program files (x86)\windows kits\8.1\include\um\winsock2.h(1850) : vea la declaración de 'inet_addr'
     1>c:\users\anderson\desktop\dragon ball online\ntlprivateserver\servers\ntlnetwork\ntlsockaddr.h(138): warning C4996: 'inet_ntoa': Use inet_ntop() or InetNtop() instead or define _WINSOCK_DEPRECATED_NO_WARNINGS to disable deprecated API warnings
                 c:\program files (x86)\windows kits\8.1\include\um\winsock2.h(1868) : vea la declaración de 'inet_ntoa'
         NtlConnection.cpp
     1>c:\users\anderson\desktop\dragon ball online\ntlprivateserver\servers\ntlnetwork\ntlsockaddr.h(43): warning C4996: 'gethostbyname': Use getaddrinfo() or GetAddrInfoW() instead or define _WINSOCK_DEPRECATED_NO_WARNINGS to disable deprecated API warnings
                 c:\program files (x86)\windows kits\8.1\include\um\winsock2.h(2238) : vea la declaración de 'gethostbyname'
     1>c:\users\anderson\desktop\dragon ball online\ntlprivateserver\servers\ntlnetwork\ntlsockaddr.h(46): warning C4996: 'inet_addr': Use inet_pton() or InetPton() instead or define _WINSOCK_DEPRECATED_NO_WARNINGS to disable deprecated API warnings
                 c:\program files (x86)\windows kits\8.1\include\um\winsock2.h(1850) : vea la declaración de 'inet_addr'
     1>c:\users\anderson\desktop\dragon ball online\ntlprivateserver\servers\ntlnetwork\ntlsockaddr.h(81): warning C4996: 'inet_addr': Use inet_pton() or InetPton() instead or define _WINSOCK_DEPRECATED_NO_WARNINGS to disable deprecated API warnings
                 c:\program files (x86)\windows kits\8.1\include\um\winsock2.h(1850) : vea la declaración de 'inet_addr'
     1>c:\users\anderson\desktop\dragon ball online\ntlprivateserver\servers\ntlnetwork\ntlsockaddr.h(138): warning C4996: 'inet_ntoa': Use inet_ntop() or InetNtop() instead or define _WINSOCK_DEPRECATED_NO_WARNINGS to disable deprecated API warnings
                 c:\program files (x86)\windows kits\8.1\include\um\winsock2.h(1868) : vea la declaración de 'inet_ntoa'
     1>c:\users\anderson\desktop\dragon ball online\ntlprivateserver\servers\ntlnetwork\ntlconnection.cpp(1078): warning C4189: 'pPacketHeader' : la variable local se ha inicializado pero no se hace referencia a ella
     1>c:\users\anderson\desktop\dragon ball online\ntlprivateserver\servers\ntlnetwork\ntlconnection.cpp(1262): warning C4189: 'bySequence' : la variable local se ha inicializado pero no se hace referencia a ella
     1>c:\users\anderson\desktop\dragon ball online\ntlprivateserver\servers\ntlnetwork\ntlconnection.cpp(1379): warning C4100: 'bySequence' : parámetro formal sin referencia
     1>c:\users\anderson\desktop\dragon ball online\ntlprivateserver\servers\ntlnetwork\ntlconnection.cpp(1381): warning C4189: 'pPacketHeader' : la variable local se ha inicializado pero no se hace referencia a ella
     1>c:\users\anderson\desktop\dragon ball online\ntlprivateserver\servers\ntlnetwork\ntlconnection.cpp(1391): warning C4100: 'bySequence' : parámetro formal sin referencia
     1>c:\users\anderson\desktop\dragon ball online\ntlprivateserver\servers\ntlnetwork\ntlconnection.cpp(1393): warning C4189: 'pPacketHeader' : la variable local se ha inicializado pero no se hace referencia a ella
         NtlAcceptor.cpp
     1>c:\users\anderson\desktop\dragon ball online\ntlprivateserver\servers\ntlnetwork\ntlsockaddr.h(43): warning C4996: 'gethostbyname': Use getaddrinfo() or GetAddrInfoW() instead or define _WINSOCK_DEPRECATED_NO_WARNINGS to disable deprecated API warnings
                 c:\program files (x86)\windows kits\8.1\include\um\winsock2.h(2238) : vea la declaración de 'gethostbyname'
     1>c:\users\anderson\desktop\dragon ball online\ntlprivateserver\servers\ntlnetwork\ntlsockaddr.h(46): warning C4996: 'inet_addr': Use inet_pton() or InetPton() instead or define _WINSOCK_DEPRECATED_NO_WARNINGS to disable deprecated API warnings
                 c:\program files (x86)\windows kits\8.1\include\um\winsock2.h(1850) : vea la declaración de 'inet_addr'
     1>c:\users\anderson\desktop\dragon ball online\ntlprivateserver\servers\ntlnetwork\ntlsockaddr.h(81): warning C4996: 'inet_addr': Use inet_pton() or InetPton() instead or define _WINSOCK_DEPRECATED_NO_WARNINGS to disable deprecated API warnings
                 c:\program files (x86)\windows kits\8.1\include\um\winsock2.h(1850) : vea la declaración de 'inet_addr'
     1>c:\users\anderson\desktop\dragon ball online\ntlprivateserver\servers\ntlnetwork\ntlsockaddr.h(138): warning C4996: 'inet_ntoa': Use inet_ntop() or InetNtop() instead or define _WINSOCK_DEPRECATED_NO_WARNINGS to disable deprecated API warnings
                 c:\program files (x86)\windows kits\8.1\include\um\winsock2.h(1868) : vea la declaración de 'inet_ntoa'
         NtlPacketEncoder_XOR.cpp
         NtlPacketEncoder_TW.cpp
     1>c:\users\anderson\desktop\dragon ball online\ntlprivateserver\servers\ntlnetwork\ntlpacketencoder_tw.cpp(3): warning C4627: '#include <iostream>': se omite al buscar el uso del encabezado precompilado
                 Agregar directiva a 'stdafx.h' o recompilar el encabezado precompilado
         NtlPacketEncoder_RandKey.cpp
     1>c:\users\anderson\desktop\dragon ball online\ntlprivateserver\servers\ntlnetwork\ntlpacketencoder_randkey.cpp(267): warning C4189: 'pPacketHeader' : la variable local se ha inicializado pero no se hace referencia a ella
     1>c:\users\anderson\desktop\dragon ball online\ntlprivateserver\servers\ntlnetwork\ntlpacketencoder_randkey.cpp(312): warning C4100: 'rPacket' : parámetro formal sin referencia
     1>c:\users\anderson\desktop\dragon ball online\ntlprivateserver\servers\ntlnetwork\ntlpacketencoder_randkey.cpp(315): warning C4189: 'byCheckSum' : la variable local se ha inicializado pero no se hace referencia a ella
         NtlPacketEncoder.cpp
         NtlPacket.cpp
         dbo_random.cpp
         Generando código...
       Lib:
         C:\Program Files (x86)\Microsoft Visual Studio 12.0\VC\bin\Lib.exe /OUT:"C:\Users\Anderson\Desktop\Dragon Ball Online\NtlPrivateServer\Debug\lib\NtlNetwork.lib" /NOLOGO Debug\dbo_random.obj
         Debug\NtlPacket.obj
         Debug\NtlPacketEncoder.obj
         Debug\NtlPacketEncoder_RandKey.obj
         Debug\NtlPacketEncoder_TW.obj
         Debug\NtlPacketEncoder_XOR.obj
         Debug\NtlAcceptor.obj
         Debug\NtlConnection.obj
         Debug\NtlConnector.obj
         Debug\NtlIOCP.obj
         Debug\NtlNetwork.obj
         Debug\NtlNetworkProcessor.obj
         Debug\NtlSocket.obj
         Debug\NtlSession.obj
         Debug\NtlSessionList.obj
         Debug\BotSystemLog_Server.obj
         Debug\stdafx.obj
         NtlNetwork.vcxproj -> C:\Users\Anderson\Desktop\Dragon Ball Online\NtlPrivateServer\Debug\lib\NtlNetwork.lib
     1>Compilación del proyecto terminada "C:\Users\Anderson\Desktop\Dragon Ball Online\NtlPrivateServer\Servers\NtlNetwork\NtlNetwork.vcxproj" (Rebuild destinos).

Compilación correcta.

Tiempo transcurrido 00:00:07.02
